<?xml version="1.0" encoding="UTF-8"?>
<testng-results skipped="0" failed="3" ignored="16" total="24" passed="5">
  <reporter-output>
  </reporter-output>
  <suite name="Create Material with JDE" duration-ms="88551" started-at="2018-12-05T01:09:48Z" finished-at="2018-12-05T01:11:17Z">
    <groups>
    </groups>
    <test name="HeiPort_Login_LDR" duration-ms="8579" started-at="2018-12-05T01:09:48Z" finished-at="2018-12-05T01:09:57Z">
      <class name="com.mendix.test.LoginScript">
        <test-method status="PASS" signature="tasKill()[pri:0, instance:com.mendix.test.LoginScript@59e5ddf]" name="tasKill" duration-ms="50" started-at="2018-12-05T01:09:48Z" finished-at="2018-12-05T01:09:48Z">
          <reporter-output>
          </reporter-output>
        </test-method> <!-- tasKill -->
        <test-method status="PASS" signature="openBrowser()[pri:0, instance:com.mendix.test.LoginScript@59e5ddf]" name="openBrowser" duration-ms="3529" started-at="2018-12-05T01:09:48Z" finished-at="2018-12-05T01:09:52Z">
          <reporter-output>
          </reporter-output>
        </test-method> <!-- openBrowser -->
        <test-method status="PASS" signature="loginAsLDR()[pri:0, instance:com.mendix.test.LoginScript@59e5ddf]" name="loginAsLDR" duration-ms="4983" started-at="2018-12-05T01:09:52Z" finished-at="2018-12-05T01:09:57Z">
          <reporter-output>
          </reporter-output>
        </test-method> <!-- loginAsLDR -->
      </class> <!-- com.mendix.test.LoginScript -->
    </test> <!-- HeiPort_Login_LDR -->
    <test name="Material_Create_Fill in questionnaire" duration-ms="22399" started-at="2018-12-05T01:09:57Z" finished-at="2018-12-05T01:10:19Z">
      <class name="com.mendix.test.MaterialScript">
        <test-method status="PASS" signature="Material_Create_Fill_In_Questionnaire()[pri:0, instance:com.mendix.test.MaterialScript@7e2d773b]" name="Material_Create_Fill_In_Questionnaire" duration-ms="22390" started-at="2018-12-05T01:09:57Z" finished-at="2018-12-05T01:10:19Z">
          <reporter-output>
          </reporter-output>
        </test-method> <!-- Material_Create_Fill_In_Questionnaire -->
      </class> <!-- com.mendix.test.MaterialScript -->
    </test> <!-- Material_Create_Fill in questionnaire -->
    <test name="Material_Create_Fill_In_Data" duration-ms="38950" started-at="2018-12-05T01:10:19Z" finished-at="2018-12-05T01:10:58Z">
      <class name="com.mendix.test.MaterialNavScript">
        <test-method status="PASS" signature="Material_Create_Fill_In_Data(java.util.Map)[pri:0, instance:com.mendix.test.MaterialNavScript@631330c]" name="Material_Create_Fill_In_Data" duration-ms="38311" started-at="2018-12-05T01:10:20Z" data-provider="CreateMaterial_Fill_In" finished-at="2018-12-05T01:10:58Z">
          <params>
            <param index="0">
              <value>
                <![CDATA[{GLOBAL FIELDS=BE001OC, Execute=Y, Fields=EN, Material Description:=Lens Non Illuminated 82mm MAES 2018, Language=NL, Description=Lens Niet Verlicht 82mm MAES 2017, Goods and Services Typology=13, Material Group=CMG0472, General Item Cat Group=YW07, X-plant matl Status Valid From=24/03/2017, Gross Weight Base UoM=200.000, Unit of Weight=G, EAN/UPC=, Material Type=YUNB, X-plant matl Status=Z3, Base UoM=PC, Net Weight Base UoM=200.000, EAN Category=, =, Alternative UoMs: 1=, Denominator =,                                              Alt UoM=,                                             Numerator=,                  Lower Level Unit Of Measure=,                           Calculated Net Weight=,                                           Gross weight=,                                   Unit of Weight=,                                           EAN/UPC=,                                         EAN Category=,                     Determine EAN Check Digit=,                              Additional EANS exist=, Alternative UoMs: 2=, Alternative UoMs: 3=, Alternative UoMs: 4=, Alternative UoMs: 5=, Alternative UoMs: 6=, Alternative UoMs: 7=, Add EAN Units: 1=,                      Alternative unit of measure=,                                                Main EAN=,                                               EAN/UPC=,                                            EAN Category=,                      Determine EAN check digit=, Add EAN Units: 2=, Add EAN Units: 3=, Warehouseing, Purchasing and Sales:=, Storage Conditions=, Order Unit=, Purchasing Value Key=, Variable OUN=, Transportation Group=, JDE:=, Stocking Type Global=, Bulk/Packed Flag=, Sales Price Level=, Commitment Method=, UoM - Primary=, UoM - Secondary=, UoM - Pricing=, UoM - Production=, Round To Whole Number=, Line Type=, Inventory Cost Level=, Purchase Price Level=, Standard UoM=, UoM - Purchasing=, UoM - Shipping=, UoM - Component=, Navision:=, Type=, Inventory Value Zero=, Price Profit Calculation=, Product Group Code=, Attachment:=, Document Name=, Process Information:=, All Comments=}]]>
              </value>
            </param>
          </params>
          <reporter-output>
          </reporter-output>
        </test-method> <!-- Material_Create_Fill_In_Data -->
      </class> <!-- com.mendix.test.MaterialNavScript -->
    </test> <!-- Material_Create_Fill_In_Data -->
    <test name="Material_Create_Fill_In_Data_Local_JDE" duration-ms="18581" started-at="2018-12-05T01:10:58Z" finished-at="2018-12-05T01:11:17Z">
      <class name="com.mendix.test.MaterialNavScript">
        <test-method status="FAIL" signature="Material_Create_Fill_In_Data_JDE_Planning()[pri:0, instance:com.mendix.test.MaterialNavScript@1a1d6a08]" name="Material_Create_Fill_In_Data_JDE_Planning" duration-ms="15453" started-at="2018-12-05T01:10:58Z" finished-at="2018-12-05T01:11:14Z">
          <exception class="org.openqa.selenium.NoSuchElementException">
            <message>
              <![CDATA[Cannot locate element with text: 0.01
For documentation on this error, please visit: http://seleniumhq.org/exceptions/no_such_element.html
Build info: version: '3.14.0', revision: 'aacccce0', time: '2018-08-02T20:13:22.693Z'
System info: host: 'IBM286-PBD1Z5V', ip: '9.78.125.158', os.name: 'Windows 7', os.arch: 'amd64', os.version: '6.1', java.version: '1.8.0_191'
Driver info: driver.version: unknown]]>
            </message>
            <full-stacktrace>
              <![CDATA[org.openqa.selenium.NoSuchElementException: Cannot locate element with text: 0.01
For documentation on this error, please visit: http://seleniumhq.org/exceptions/no_such_element.html
Build info: version: '3.14.0', revision: 'aacccce0', time: '2018-08-02T20:13:22.693Z'
System info: host: 'IBM286-PBD1Z5V', ip: '9.78.125.158', os.name: 'Windows 7', os.arch: 'amd64', os.version: '6.1', java.version: '1.8.0_191'
Driver info: driver.version: unknown
at org.openqa.selenium.support.ui.Select.selectByVisibleText(Select.java:151)
at com.mendix.page.Material_Nav_Page.selectRoundingPrecision(Material_Nav_Page.java:109)
at com.mendix.test.MaterialNavScript.Material_Create_Fill_In_Data_JDE_Planning(MaterialNavScript.java:44)
at sun.reflect.NativeMethodAccessorImpl.invoke0(Native Method)
at sun.reflect.NativeMethodAccessorImpl.invoke(Unknown Source)
at sun.reflect.DelegatingMethodAccessorImpl.invoke(Unknown Source)
at java.lang.reflect.Method.invoke(Unknown Source)
at org.testng.internal.MethodInvocationHelper.invokeMethod(MethodInvocationHelper.java:124)
at org.testng.internal.Invoker.invokeMethod(Invoker.java:580)
at org.testng.internal.Invoker.invokeTestMethod(Invoker.java:716)
at org.testng.internal.Invoker.invokeTestMethods(Invoker.java:988)
at org.testng.internal.TestMethodWorker.invokeTestMethods(TestMethodWorker.java:125)
at org.testng.internal.TestMethodWorker.run(TestMethodWorker.java:109)
at org.testng.TestRunner.privateRun(TestRunner.java:648)
at org.testng.TestRunner.run(TestRunner.java:505)
at org.testng.SuiteRunner.runTest(SuiteRunner.java:455)
at org.testng.SuiteRunner.runSequentially(SuiteRunner.java:450)
at org.testng.SuiteRunner.privateRun(SuiteRunner.java:415)
at org.testng.SuiteRunner.run(SuiteRunner.java:364)
at org.testng.SuiteRunnerWorker.runSuite(SuiteRunnerWorker.java:52)
at org.testng.SuiteRunnerWorker.run(SuiteRunnerWorker.java:84)
at org.testng.TestNG.runSuitesSequentially(TestNG.java:1208)
at org.testng.TestNG.runSuitesLocally(TestNG.java:1137)
at org.testng.TestNG.runSuites(TestNG.java:1049)
at org.testng.TestNG.run(TestNG.java:1017)
at org.testng.remote.AbstractRemoteTestNG.run(AbstractRemoteTestNG.java:114)
at org.testng.remote.RemoteTestNG.initAndRun(RemoteTestNG.java:251)
at org.testng.remote.RemoteTestNG.main(RemoteTestNG.java:77)
]]>
            </full-stacktrace>
          </exception> <!-- org.openqa.selenium.NoSuchElementException -->
          <reporter-output>
          </reporter-output>
        </test-method> <!-- Material_Create_Fill_In_Data_JDE_Planning -->
        <test-method status="FAIL" signature="Material_Create_Fill_In_Data_JDE_Finance()[pri:0, instance:com.mendix.test.MaterialNavScript@1a1d6a08]" name="Material_Create_Fill_In_Data_JDE_Finance" duration-ms="1802" started-at="2018-12-05T01:11:14Z" finished-at="2018-12-05T01:11:15Z">
          <exception class="org.openqa.selenium.StaleElementReferenceException">
            <message>
              <![CDATA[Element is no longer valid
For documentation on this error, please visit: http://seleniumhq.org/exceptions/stale_element_reference.html
Build info: version: '3.14.0', revision: 'aacccce0', time: '2018-08-02T20:13:22.693Z'
System info: host: 'IBM286-PBD1Z5V', ip: '9.78.125.158', os.name: 'Windows 7', os.arch: 'amd64', os.version: '6.1', java.version: '1.8.0_191'
Driver info: org.openqa.selenium.ie.InternetExplorerDriver
Capabilities {acceptInsecureCerts: false, browserName: internet explorer, browserVersion: 11, javascriptEnabled: true, pageLoadStrategy: normal, platform: WINDOWS, platformName: WINDOWS, proxy: Proxy(), se:ieOptions: {browserAttachTimeout: 0, elementScrollBehavior: 0, enablePersistentHover: true, ie.browserCommandLineSwitches: , ie.ensureCleanSession: false, ie.fileUploadDialogTimeout: 3000, ie.forceCreateProcessApi: false, ignoreProtectedModeSettings: false, ignoreZoomSetting: false, initialBrowserUrl: http://localhost:8406/, nativeEvents: true, requireWindowFocus: false}, setWindowRect: true, timeouts: {implicit: 0, pageLoad: 300000, script: 30000}}
Session ID: 7d581c32-6ef7-4dd2-8639-772f9e0e8e94]]>
            </message>
            <full-stacktrace>
              <![CDATA[org.openqa.selenium.StaleElementReferenceException: Element is no longer valid
For documentation on this error, please visit: http://seleniumhq.org/exceptions/stale_element_reference.html
Build info: version: '3.14.0', revision: 'aacccce0', time: '2018-08-02T20:13:22.693Z'
System info: host: 'IBM286-PBD1Z5V', ip: '9.78.125.158', os.name: 'Windows 7', os.arch: 'amd64', os.version: '6.1', java.version: '1.8.0_191'
Driver info: org.openqa.selenium.ie.InternetExplorerDriver
Capabilities {acceptInsecureCerts: false, browserName: internet explorer, browserVersion: 11, javascriptEnabled: true, pageLoadStrategy: normal, platform: WINDOWS, platformName: WINDOWS, proxy: Proxy(), se:ieOptions: {browserAttachTimeout: 0, elementScrollBehavior: 0, enablePersistentHover: true, ie.browserCommandLineSwitches: , ie.ensureCleanSession: false, ie.fileUploadDialogTimeout: 3000, ie.forceCreateProcessApi: false, ignoreProtectedModeSettings: false, ignoreZoomSetting: false, initialBrowserUrl: http://localhost:8406/, nativeEvents: true, requireWindowFocus: false}, setWindowRect: true, timeouts: {implicit: 0, pageLoad: 300000, script: 30000}}
Session ID: 7d581c32-6ef7-4dd2-8639-772f9e0e8e94
at sun.reflect.NativeConstructorAccessorImpl.newInstance0(Native Method)
at sun.reflect.NativeConstructorAccessorImpl.newInstance(Unknown Source)
at sun.reflect.DelegatingConstructorAccessorImpl.newInstance(Unknown Source)
at java.lang.reflect.Constructor.newInstance(Unknown Source)
at org.openqa.selenium.remote.http.W3CHttpResponseCodec.createException(W3CHttpResponseCodec.java:187)
at org.openqa.selenium.remote.http.W3CHttpResponseCodec.decode(W3CHttpResponseCodec.java:122)
at org.openqa.selenium.remote.http.W3CHttpResponseCodec.decode(W3CHttpResponseCodec.java:49)
at org.openqa.selenium.remote.HttpCommandExecutor.execute(HttpCommandExecutor.java:158)
at org.openqa.selenium.remote.service.DriverCommandExecutor.execute(DriverCommandExecutor.java:83)
at org.openqa.selenium.remote.RemoteWebDriver.execute(RemoteWebDriver.java:548)
at org.openqa.selenium.remote.RemoteWebElement.execute(RemoteWebElement.java:276)
at org.openqa.selenium.remote.RemoteWebElement.click(RemoteWebElement.java:83)
at com.mendix.page.Material_Nav_Page.clickFinancetab(Material_Nav_Page.java:135)
at com.mendix.test.MaterialNavScript.Material_Create_Fill_In_Data_JDE_Finance(MaterialNavScript.java:53)
at sun.reflect.NativeMethodAccessorImpl.invoke0(Native Method)
at sun.reflect.NativeMethodAccessorImpl.invoke(Unknown Source)
at sun.reflect.DelegatingMethodAccessorImpl.invoke(Unknown Source)
at java.lang.reflect.Method.invoke(Unknown Source)
at org.testng.internal.MethodInvocationHelper.invokeMethod(MethodInvocationHelper.java:124)
at org.testng.internal.Invoker.invokeMethod(Invoker.java:580)
at org.testng.internal.Invoker.invokeTestMethod(Invoker.java:716)
at org.testng.internal.Invoker.invokeTestMethods(Invoker.java:988)
at org.testng.internal.TestMethodWorker.invokeTestMethods(TestMethodWorker.java:125)
at org.testng.internal.TestMethodWorker.run(TestMethodWorker.java:109)
at org.testng.TestRunner.privateRun(TestRunner.java:648)
at org.testng.TestRunner.run(TestRunner.java:505)
at org.testng.SuiteRunner.runTest(SuiteRunner.java:455)
at org.testng.SuiteRunner.runSequentially(SuiteRunner.java:450)
at org.testng.SuiteRunner.privateRun(SuiteRunner.java:415)
at org.testng.SuiteRunner.run(SuiteRunner.java:364)
at org.testng.SuiteRunnerWorker.runSuite(SuiteRunnerWorker.java:52)
at org.testng.SuiteRunnerWorker.run(SuiteRunnerWorker.java:84)
at org.testng.TestNG.runSuitesSequentially(TestNG.java:1208)
at org.testng.TestNG.runSuitesLocally(TestNG.java:1137)
at org.testng.TestNG.runSuites(TestNG.java:1049)
at org.testng.TestNG.run(TestNG.java:1017)
at org.testng.remote.AbstractRemoteTestNG.run(AbstractRemoteTestNG.java:114)
at org.testng.remote.RemoteTestNG.initAndRun(RemoteTestNG.java:251)
at org.testng.remote.RemoteTestNG.main(RemoteTestNG.java:77)
]]>
            </full-stacktrace>
          </exception> <!-- org.openqa.selenium.StaleElementReferenceException -->
          <reporter-output>
          </reporter-output>
        </test-method> <!-- Material_Create_Fill_In_Data_JDE_Finance -->
        <test-method status="FAIL" signature="Material_Create_Fill_In_Data_JDE_Site()[pri:0, instance:com.mendix.test.MaterialNavScript@1a1d6a08]" name="Material_Create_Fill_In_Data_JDE_Site" duration-ms="1318" started-at="2018-12-05T01:11:15Z" finished-at="2018-12-05T01:11:17Z">
          <exception class="org.openqa.selenium.NoSuchElementException">
            <message>
              <![CDATA[Unable to find element with xpath == //button[text()='New']
For documentation on this error, please visit: http://seleniumhq.org/exceptions/no_such_element.html
Build info: version: '3.14.0', revision: 'aacccce0', time: '2018-08-02T20:13:22.693Z'
System info: host: 'IBM286-PBD1Z5V', ip: '9.78.125.158', os.name: 'Windows 7', os.arch: 'amd64', os.version: '6.1', java.version: '1.8.0_191'
Driver info: org.openqa.selenium.ie.InternetExplorerDriver
Capabilities {acceptInsecureCerts: false, browserName: internet explorer, browserVersion: 11, javascriptEnabled: true, pageLoadStrategy: normal, platform: WINDOWS, platformName: WINDOWS, proxy: Proxy(), se:ieOptions: {browserAttachTimeout: 0, elementScrollBehavior: 0, enablePersistentHover: true, ie.browserCommandLineSwitches: , ie.ensureCleanSession: false, ie.fileUploadDialogTimeout: 3000, ie.forceCreateProcessApi: false, ignoreProtectedModeSettings: false, ignoreZoomSetting: false, initialBrowserUrl: http://localhost:8406/, nativeEvents: true, requireWindowFocus: false}, setWindowRect: true, timeouts: {implicit: 0, pageLoad: 300000, script: 30000}}
Session ID: 7d581c32-6ef7-4dd2-8639-772f9e0e8e94
*** Element info: {Using=xpath, value=//button[text()='New']}]]>
            </message>
            <full-stacktrace>
              <![CDATA[org.openqa.selenium.NoSuchElementException: Unable to find element with xpath == //button[text()='New']
For documentation on this error, please visit: http://seleniumhq.org/exceptions/no_such_element.html
Build info: version: '3.14.0', revision: 'aacccce0', time: '2018-08-02T20:13:22.693Z'
System info: host: 'IBM286-PBD1Z5V', ip: '9.78.125.158', os.name: 'Windows 7', os.arch: 'amd64', os.version: '6.1', java.version: '1.8.0_191'
Driver info: org.openqa.selenium.ie.InternetExplorerDriver
Capabilities {acceptInsecureCerts: false, browserName: internet explorer, browserVersion: 11, javascriptEnabled: true, pageLoadStrategy: normal, platform: WINDOWS, platformName: WINDOWS, proxy: Proxy(), se:ieOptions: {browserAttachTimeout: 0, elementScrollBehavior: 0, enablePersistentHover: true, ie.browserCommandLineSwitches: , ie.ensureCleanSession: false, ie.fileUploadDialogTimeout: 3000, ie.forceCreateProcessApi: false, ignoreProtectedModeSettings: false, ignoreZoomSetting: false, initialBrowserUrl: http://localhost:8406/, nativeEvents: true, requireWindowFocus: false}, setWindowRect: true, timeouts: {implicit: 0, pageLoad: 300000, script: 30000}}
Session ID: 7d581c32-6ef7-4dd2-8639-772f9e0e8e94
*** Element info: {Using=xpath, value=//button[text()='New']}
at sun.reflect.NativeConstructorAccessorImpl.newInstance0(Native Method)
at sun.reflect.NativeConstructorAccessorImpl.newInstance(Unknown Source)
at sun.reflect.DelegatingConstructorAccessorImpl.newInstance(Unknown Source)
at java.lang.reflect.Constructor.newInstance(Unknown Source)
at org.openqa.selenium.remote.http.W3CHttpResponseCodec.createException(W3CHttpResponseCodec.java:187)
at org.openqa.selenium.remote.http.W3CHttpResponseCodec.decode(W3CHttpResponseCodec.java:122)
at org.openqa.selenium.remote.http.W3CHttpResponseCodec.decode(W3CHttpResponseCodec.java:49)
at org.openqa.selenium.remote.HttpCommandExecutor.execute(HttpCommandExecutor.java:158)
at org.openqa.selenium.remote.service.DriverCommandExecutor.execute(DriverCommandExecutor.java:83)
at org.openqa.selenium.remote.RemoteWebDriver.execute(RemoteWebDriver.java:548)
at org.openqa.selenium.remote.RemoteWebDriver.findElement(RemoteWebDriver.java:322)
at org.openqa.selenium.remote.RemoteWebDriver.findElementByXPath(RemoteWebDriver.java:424)
at org.openqa.selenium.By$ByXPath.findElement(By.java:353)
at org.openqa.selenium.remote.RemoteWebDriver.findElement(RemoteWebDriver.java:314)
at com.mendix.page.Material_Nav_Page.clickSiteNewButton(Material_Nav_Page.java:183)
at com.mendix.test.MaterialNavScript.Material_Create_Fill_In_Data_JDE_Site(MaterialNavScript.java:65)
at sun.reflect.NativeMethodAccessorImpl.invoke0(Native Method)
at sun.reflect.NativeMethodAccessorImpl.invoke(Unknown Source)
at sun.reflect.DelegatingMethodAccessorImpl.invoke(Unknown Source)
at java.lang.reflect.Method.invoke(Unknown Source)
at org.testng.internal.MethodInvocationHelper.invokeMethod(MethodInvocationHelper.java:124)
at org.testng.internal.Invoker.invokeMethod(Invoker.java:580)
at org.testng.internal.Invoker.invokeTestMethod(Invoker.java:716)
at org.testng.internal.Invoker.invokeTestMethods(Invoker.java:988)
at org.testng.internal.TestMethodWorker.invokeTestMethods(TestMethodWorker.java:125)
at org.testng.internal.TestMethodWorker.run(TestMethodWorker.java:109)
at org.testng.TestRunner.privateRun(TestRunner.java:648)
at org.testng.TestRunner.run(TestRunner.java:505)
at org.testng.SuiteRunner.runTest(SuiteRunner.java:455)
at org.testng.SuiteRunner.runSequentially(SuiteRunner.java:450)
at org.testng.SuiteRunner.privateRun(SuiteRunner.java:415)
at org.testng.SuiteRunner.run(SuiteRunner.java:364)
at org.testng.SuiteRunnerWorker.runSuite(SuiteRunnerWorker.java:52)
at org.testng.SuiteRunnerWorker.run(SuiteRunnerWorker.java:84)
at org.testng.TestNG.runSuitesSequentially(TestNG.java:1208)
at org.testng.TestNG.runSuitesLocally(TestNG.java:1137)
at org.testng.TestNG.runSuites(TestNG.java:1049)
at org.testng.TestNG.run(TestNG.java:1017)
at org.testng.remote.AbstractRemoteTestNG.run(AbstractRemoteTestNG.java:114)
at org.testng.remote.RemoteTestNG.initAndRun(RemoteTestNG.java:251)
at org.testng.remote.RemoteTestNG.main(RemoteTestNG.java:77)
]]>
            </full-stacktrace>
          </exception> <!-- org.openqa.selenium.NoSuchElementException -->
          <reporter-output>
          </reporter-output>
        </test-method> <!-- Material_Create_Fill_In_Data_JDE_Site -->
      </class> <!-- com.mendix.test.MaterialNavScript -->
      <class name="com.mendix.test.LoginScript">
        <test-method status="PASS" signature="setup(org.testng.ITestContext)[pri:0, instance:com.mendix.test.LoginScript@59e5ddf]" name="setup" is-config="true" duration-ms="85" started-at="2018-12-05T01:09:48Z" finished-at="2018-12-05T01:09:48Z">
          <params>
            <param index="0">
              <value>
                <![CDATA[org.testng.TestRunner@71870da7]]>
              </value>
            </param>
          </params>
          <reporter-output>
          </reporter-output>
        </test-method> <!-- setup -->
      </class> <!-- com.mendix.test.LoginScript -->
    </test> <!-- Material_Create_Fill_In_Data_Local_JDE -->
  </suite> <!-- Create Material with JDE -->
</testng-results>
