<?xml version="1.0" encoding="UTF-8"?>
<!-- Generated by org.testng.reporters.JUnitXMLReporter -->
<testsuite hostname="IBM286-PBD1Z5V" ignored="7" name="Material_Create_Fill_in_Data_Save_as_Draft_Submit" tests="1" failures="1" timestamp="30 Nov 2018 15:55:52 GMT" time="0.003" errors="0">
  <testcase name="Material_Create_Fill_in_Data_Save_as_Draft_Submit" time="0.0" classname="com.mendix.test.MaterialScript">
    <failure type="org.testng.TestNGException" message="
Method public void com.mendix.test.MaterialScript.Material_Create_Fill_in_Data_Save_as_Draft_Submit(java.util.Map) throws java.lang.InterruptedException,java.io.FileNotFoundException,java.io.IOException requires a @DataProvider named : Process_Information_Check_draft in class com.mendix.util.DataProviderUtil$staticProviderClass">
      <![CDATA[org.testng.TestNGException: 
Method public void com.mendix.test.MaterialScript.Material_Create_Fill_in_Data_Save_as_Draft_Submit(java.util.Map) throws java.lang.InterruptedException,java.io.FileNotFoundException,java.io.IOException requires a @DataProvider named : Process_Information_Check_draft in class com.mendix.util.DataProviderUtil$staticProviderClass
... Removed 22 stack frames]]>
    </failure>
  </testcase> <!-- Material_Create_Fill_in_Data_Save_as_Draft_Submit -->
  <testcase name="Process_Information_Check" time="0.0" classname="com.mendix.test.MaterialScript">
    <ignored/>
  </testcase> <!-- Process_Information_Check -->
  <testcase name="Material_Create_Review_Global_Data_Approve_GBDA" time="0.0" classname="com.mendix.test.MaterialScript">
    <ignored/>
  </testcase> <!-- Material_Create_Review_Global_Data_Approve_GBDA -->
  <testcase name="Material_Create_Fill_In_Data_Save_as_draft" time="0.0" classname="com.mendix.test.MaterialScript">
    <ignored/>
  </testcase> <!-- Material_Create_Fill_In_Data_Save_as_draft -->
  <testcase name="Material_Create_Syndication_Check" time="0.0" classname="com.mendix.test.MaterialScript">
    <ignored/>
  </testcase> <!-- Material_Create_Syndication_Check -->
  <testcase name="Material_Create_Fill_In_Data" time="0.0" classname="com.mendix.test.MaterialScript">
    <ignored/>
  </testcase> <!-- Material_Create_Fill_In_Data -->
  <testcase name="Material_Create_Fill_In_Questionnaire" time="0.0" classname="com.mendix.test.MaterialScript">
    <ignored/>
  </testcase> <!-- Material_Create_Fill_In_Questionnaire -->
  <testcase name="Material_Create_Review_Global_Data_Approve_GDA" time="0.0" classname="com.mendix.test.MaterialScript">
    <ignored/>
  </testcase> <!-- Material_Create_Review_Global_Data_Approve_GDA -->
</testsuite> <!-- Material_Create_Fill_in_Data_Save_as_Draft_Submit -->
